10 - Cap/Hotel/app/build/intermediates/manifest_merge_blame_file/debug/manifest-merger-blame-debug-report.txt
1<?xml version="1.0" encoding="utf-8"?>
2<manifest xmlns:android="http://schemas.android.com/apk/res/android"
3    package="com.devmeist3r.hotel"
4    android:versionCode="1"
5    android:versionName="1.0" >
6
7    <uses-sdk
8        android:minSdkVersion="21"
8-->src/main/AndroidManifest.xml
9        android:targetSdkVersion="30" />
9-->src/main/AndroidManifest.xml
10
11    <application
11-->src/main/AndroidManifest.xml:5:3-22:17
12        android:name="com.devmeist3r.hotel.HotelApp"
12-->src/main/AndroidManifest.xml:6:5-29
13        android:allowBackup="true"
13-->src/main/AndroidManifest.xml:7:5-31
14        android:appComponentFactory="androidx.core.app.CoreComponentFactory"
14-->[androidx.core:core:1.3.2] AndroidManifest.xml:24:18-86
15        android:debuggable="true"
16        android:icon="@mipmap/ic_launcher"
16-->src/main/AndroidManifest.xml:8:5-39
17        android:label="@string/app_name"
17-->src/main/AndroidManifest.xml:9:5-37
18        android:roundIcon="@mipmap/ic_launcher_round"
18-->src/main/AndroidManifest.xml:10:5-50
19        android:supportsRtl="true"
19-->src/main/AndroidManifest.xml:11:5-31
20        android:testOnly="true"
21        android:theme="@style/AppTheme" >
21-->src/main/AndroidManifest.xml:12:5-36
22        <activity
22-->src/main/AndroidManifest.xml:13:5-15:60
23            android:name="com.devmeist3r.hotel.details.HotelDetailsActivity"
23-->src/main/AndroidManifest.xml:14:7-51
24            android:parentActivityName="com.devmeist3r.hotel.common.HotelActivity" />
24-->src/main/AndroidManifest.xml:15:7-57
25        <activity
25-->src/main/AndroidManifest.xml:16:5-21:16
26            android:name="com.devmeist3r.hotel.common.HotelActivity"
26-->src/main/AndroidManifest.xml:16:15-51
27            android:launchMode="singleTop" >
27-->src/main/AndroidManifest.xml:16:52-82
28            <intent-filter>
28-->src/main/AndroidManifest.xml:17:7-20:23
29                <action android:name="android.intent.action.MAIN" />
29-->src/main/AndroidManifest.xml:18:9-61
29-->src/main/AndroidManifest.xml:18:17-58
30
31                <category android:name="android.intent.category.LAUNCHER" />
31-->src/main/AndroidManifest.xml:19:9-69
31-->src/main/AndroidManifest.xml:19:19-66
32            </intent-filter>
33        </activity>
34    </application>
35
36</manifest>